-------------------------------------------------------------------------------
Test set: BonusServiceTest
-------------------------------------------------------------------------------
Tests run: 8, Failures: 2, Errors: 0, Skipped: 0, Time elapsed: 0.031 s <<< FAILURE! - in BonusServiceTest
shouldCalculateForNotRegisteredAndBeforeLimit  Time elapsed: 0.015 s  <<< FAILURE!
org.opentest4j.AssertionFailedError: expected: <100> but was: <500>
	at BonusServiceTest.shouldCalculateForNotRegisteredAndBeforeLimit(BonusServiceTest.java:116)

shouldCalculateForRegisteredAndBeforeLimit  Time elapsed: 0 s  <<< FAILURE!
org.opentest4j.AssertionFailedError: expected: <300> but was: <500>
	at BonusServiceTest.shouldCalculateForRegisteredAndBeforeLimit(BonusServiceTest.java:52)

