<?xml version="1.0" encoding="UTF-8"?>
<testsuite xmlns:xsi="http://www.w3.org/2001/XMLSchema-instance" xsi:noNamespaceSchemaLocation="https://maven.apache.org/surefire/maven-surefire-plugin/xsd/surefire-test-report.xsd" name="BonusServiceTest" time="0.031" tests="8" errors="0" skipped="0" failures="2">
  <properties>
[...]
</properties>
  <testcase name="shouldCalculateForNotRegisteredAndBeforeLimit" classname="BonusServiceTest" time="0.015">
    <failure message="expected: &lt;100&gt; but was: &lt;500&gt;" type="org.opentest4j.AssertionFailedError"><![CDATA[org.opentest4j.AssertionFailedError: expected: <100> but was: <500>
	at BonusServiceTest.shouldCalculateForNotRegisteredAndBeforeLimit(BonusServiceTest.java:116)
]]></failure>
  </testcase>
  <testcase name="shouldCalculateForRegisteredAndOverLimit" classname="BonusServiceTest" time="0"/>
  <testcase name="shouldCalculateForRegisteredAndSmallAmount" classname="BonusServiceTest" time="0"/>
  <testcase name="shouldCalculateForRegisteredAndBeforeLimit" classname="BonusServiceTest" time="0">
    <failure message="expected: &lt;300&gt; but was: &lt;500&gt;" type="org.opentest4j.AssertionFailedError"><![CDATA[org.opentest4j.AssertionFailedError: expected: <300> but was: <500>
	at BonusServiceTest.shouldCalculateForRegisteredAndBeforeLimit(BonusServiceTest.java:52)
]]></failure>
  </testcase>
  <testcase name="shouldCalculateForNotRegisteredAndUnderLimit" classname="BonusServiceTest" time="0"/>
  <testcase name="shouldCalculateForNotRegisteredAndOverLimit" classname="BonusServiceTest" time="0"/>
  <testcase name="shouldCalculateForRegisteredAndUnderLimit" classname="BonusServiceTest" time="0"/>
  <testcase name="shouldCalculateForNotRegisteredAndSmallAmount" classname="BonusServiceTest" time="0"/>
</testsuite>